<?xml version="1.0" encoding="UTF-8"?>
<!-- Generated by org.testng.reporters.JUnitXMLReporter -->
<testsuite hostname="W0472501MSMXT" ignored="0" name="Default test" tests="2" failures="0" timestamp="2019-12-16T21:24:10 IST" time="0.463" errors="0">
  <testcase name="openAccountTest" time="0.046" classname="com.w2a.suite.customer.testCases.OpenAccountTest">
    <skipped/>
  </testcase> <!-- openAccountTest -->
  <testcase name="openAccountTest" time="0.032" classname="com.w2a.suite.customer.testCases.OpenAccountTest">
    <skipped/>
  </testcase> <!-- openAccountTest -->
</testsuite> <!-- Default test -->
