<?xml version="1.0" encoding="UTF-8"?>
<!-- Generated by org.testng.reporters.JUnitXMLReporter -->
<testsuite hostname="W0472501MSMXT" ignored="0" name="AddCustomertest" tests="2" failures="0" timestamp="2019-12-16T21:27:24 IST" time="0.069" errors="0">
  <testcase name="addCustomerTest" time="0.026" classname="com.w2a.suite.customer.testCases.AddCustomerTest"/>
  <testcase name="addCustomerTest" time="0.026" classname="com.w2a.suite.customer.testCases.AddCustomerTest"/>
</testsuite> <!-- AddCustomertest -->
