<?xml version="1.0" encoding="UTF-8"?>
<!-- Generated by org.testng.reporters.JUnitXMLReporter -->
<testsuite hostname="W0472501MSMXT" ignored="0" name="AddCustomertest" tests="2" failures="0" timestamp="2019-12-16T13:34:05 IST" time="0.416" errors="0">
  <testcase name="addCustomerTest" time="0.008" classname="com.w2a.suite.bankManager.testCases.AddCustomerTest"/>
  <testcase name="addCustomerTest" time="0.001" classname="com.w2a.suite.bankManager.testCases.AddCustomerTest"/>
</testsuite> <!-- AddCustomertest -->
