<?xml version="1.0" encoding="UTF-8"?>
<!-- Generated by org.testng.reporters.JUnitXMLReporter -->
<testsuite hostname="W0472501MSMXT" ignored="0" name="AddCustomertest" tests="4" failures="0" timestamp="2019-12-16T21:27:23 IST" time="0.516" errors="0">
  <testcase name="addCustomerTest" time="0.042" classname="com.w2a.suite.bankManager.testCases.AddCustomerTest"/>
  <testcase name="addCustomerTest" time="0.034" classname="com.w2a.suite.bankManager.testCases.AddCustomerTest"/>
  <testcase name="addCustomerTest" time="0.028" classname="com.w2a.suite.bankManager.testCases.AddCustomerTest"/>
  <testcase name="addCustomerTest" time="0.028" classname="com.w2a.suite.bankManager.testCases.AddCustomerTest"/>
</testsuite> <!-- AddCustomertest -->
