<?xml version="1.0" encoding="UTF-8"?>
<!-- Generated by org.testng.reporters.JUnitXMLReporter -->
<testsuite hostname="W0472501MSMXT" ignored="0" name="OpenAccounttest" tests="4" failures="0" timestamp="2019-12-16T21:27:23 IST" time="0.127" errors="0">
  <testcase name="openAccountTest" time="0.025" classname="com.w2a.suite.bankManager.testCases.OpenAccountTest"/>
  <testcase name="openAccountTest" time="0.023" classname="com.w2a.suite.bankManager.testCases.OpenAccountTest">
    <skipped/>
  </testcase> <!-- openAccountTest -->
  <testcase name="openAccountTest" time="0.032" classname="com.w2a.suite.bankManager.testCases.OpenAccountTest"/>
  <testcase name="openAccountTest" time="0.027" classname="com.w2a.suite.bankManager.testCases.OpenAccountTest">
    <skipped/>
  </testcase> <!-- openAccountTest -->
</testsuite> <!-- OpenAccounttest -->
